<?xml version="1.0" encoding="UTF-8"?>
<!-- Generated by org.testng.reporters.JUnitXMLReporter -->
<testsuite ignored="0" hostname="ttnpl-3903" failures="4" tests="6" name="Test" time="3.694" errors="0" timestamp="2023-01-27T12:30:37 IST">
  <testcase classname="com.org.Tests.TestCase_UserManagement_Operations" name="TC_001" time="0.961">
    <failure type="java.lang.NullPointerException">
      <![CDATA[java.lang.NullPointerException
at com.org.Tests.TestCase_UserManagement_Operations.TC_001(TestCase_UserManagement_Operations.java:47)
at java.base/java.util.ArrayList.forEach(ArrayList.java:1541)
... Removed 27 stack frames]]>
    </failure>
  </testcase> <!-- TC_001 -->
  <testcase classname="com.org.Tests.TestCase_UserManagement_Operations" name="TC_002" time="0.62"/>
  <testcase classname="com.org.Tests.TestCase_UserManagement_Operations" name="TC_003" time="0.1">
    <failure type="java.lang.AssertionError" message="expected:&amp;lt;200&amp;gt; but was:&amp;lt;301&amp;gt;">
      <![CDATA[java.lang.AssertionError: expected:<200> but was:<301>
at com.org.Tests.TestCase_UserManagement_Operations.TC_003(TestCase_UserManagement_Operations.java:88)
at java.base/java.util.ArrayList.forEach(ArrayList.java:1541)
... Removed 32 stack frames]]>
    </failure>
  </testcase> <!-- TC_003 -->
  <testcase classname="com.org.Tests.TestCase_UserManagement_Operations" name="TC_004" time="0.105">
    <failure type="java.lang.AssertionError" message="expected:&amp;lt;200&amp;gt; but was:&amp;lt;301&amp;gt;">
      <![CDATA[java.lang.AssertionError: expected:<200> but was:<301>
at com.org.Tests.TestCase_UserManagement_Operations.TC_004(TestCase_UserManagement_Operations.java:104)
at java.base/java.util.ArrayList.forEach(ArrayList.java:1541)
... Removed 32 stack frames]]>
    </failure>
  </testcase> <!-- TC_004 -->
  <testcase classname="com.org.Tests.TestCase_UserManagement_Operations" name="TC_005" time="0.23">
    <failure type="java.lang.AssertionError" message="expected:&amp;lt;201&amp;gt; but was:&amp;lt;301&amp;gt;">
      <![CDATA[java.lang.AssertionError: expected:<201> but was:<301>
at com.org.Tests.TestCase_UserManagement_Operations.TC_005(TestCase_UserManagement_Operations.java:123)
at java.base/java.util.ArrayList.forEach(ArrayList.java:1541)
... Removed 32 stack frames]]>
    </failure>
  </testcase> <!-- TC_005 -->
  <testcase classname="com.org.Tests.TestCase_UserManagement_Operations" name="TC_006" time="1.638"/>
</testsuite> <!-- Test -->
